SF:lib/src/form_field.dart
DA:12,3
DA:17,6
DA:18,3
DA:19,3
DA:20,6
DA:23,1
DA:25,1
DA:26,1
DA:27,1
DA:28,1
DA:30,3
DA:31,2
DA:35,1
DA:36,2
DA:39,1
DA:40,2
DA:43,1
DA:44,3
DA:47,1
DA:48,2
DA:49,2
DA:53,1
DA:54,1
DA:57,1
DA:60,4
DA:61,2
DA:63,1
DA:65,1
DA:66,2
DA:67,1
DA:68,1
DA:69,2
DA:72,2
DA:76,4
DA:78,1
DA:79,3
DA:81,2
DA:87,1
DA:88,1
DA:89,3
DA:90,2
DA:95,2
DA:96,2
DA:97,2
DA:98,3
DA:99,3
DA:100,3
DA:102,1
DA:103,6
LF:49
LH:49
end_of_record
SF:lib/src/blocs/form/form_bloc.dart
DA:8,6
DA:18,2
DA:23,1
DA:25,0
DA:26,0
DA:27,0
DA:28,0
DA:29,0
DA:34,3
DA:37,1
DA:40,1
DA:41,5
DA:42,1
DA:43,3
DA:44,1
DA:45,3
DA:46,1
DA:47,3
DA:48,1
DA:49,3
DA:54,1
DA:58,2
DA:59,2
DA:60,1
DA:62,1
DA:66,1
DA:70,1
DA:71,1
DA:72,2
DA:75,1
DA:79,1
DA:81,3
DA:84,1
DA:85,2
DA:89,2
DA:90,4
DA:92,1
DA:93,2
DA:97,1
DA:101,1
DA:102,4
DA:103,3
DA:104,3
DA:114,3
DA:116,3
DA:118,3
DA:120,1
DA:121,2
DA:123,1
DA:124,1
DA:125,1
DA:129,1
DA:130,1
DA:131,1
DA:135,1
DA:136,7
DA:138,4
DA:139,3
DA:145,1
DA:146,3
DA:147,1
DA:151,1
DA:152,4
DA:154,5
DA:161,1
DA:164,1
DA:165,2
DA:167,1
DA:168,1
DA:169,1
DA:170,1
DA:174,1
DA:175,2
DA:178,2
DA:181,3
DA:182,1
DA:183,2
DA:184,2
DA:185,2
DA:190,2
DA:191,1
DA:193,1
DA:194,1
DA:195,1
DA:202,1
DA:205,1
DA:208,4
DA:210,1
DA:211,2
LF:89
LH:84
end_of_record
SF:lib/src/blocs/form/form_state.dart
DA:8,2
DA:12,2
DA:14,2
DA:19,2
DA:20,2
DA:21,2
DA:23,7
DA:27,2
DA:28,6
LF:9
LH:9
end_of_record
SF:lib/src/blocs/form/form_event.dart
DA:4,2
DA:6,1
DA:7,1
DA:18,2
DA:20,1
DA:21,3
DA:27,2
DA:29,1
DA:30,2
DA:37,2
DA:39,1
DA:40,3
LF:12
LH:12
end_of_record
SF:lib/src/form_bloc_listener.dart
DA:7,0
DA:13,0
DA:16,0
DA:17,0
DA:18,0
DA:19,0
DA:20,0
DA:21,0
DA:22,0
LF:9
LH:0
end_of_record
SF:lib/src/form_input.dart
DA:8,4
DA:10,2
DA:11,4
DA:12,4
DA:13,4
DA:17,2
DA:18,2
DA:19,2
DA:20,2
DA:23,2
DA:24,2
DA:25,2
DA:26,2
DA:29,2
DA:30,2
DA:33,4
DA:35,4
DA:36,4
DA:38,2
DA:39,8
LF:20
LH:20
end_of_record
SF:lib/src/text_field_bloc_builder.dart
DA:5,6
DA:21,0
DA:32,0
DA:33,0
DA:34,0
DA:36,0
DA:37,0
DA:44,0
DA:46,0
DA:47,0
DA:50,0
DA:52,0
DA:53,0
DA:54,0
DA:55,0
DA:56,0
DA:57,0
DA:58,0
DA:59,0
DA:60,0
DA:61,0
DA:63,0
DA:69,0
DA:70,0
DA:72,0
DA:73,0
DA:74,0
DA:75,0
DA:76,0
DA:77,0
DA:78,0
DA:79,0
DA:80,0
DA:81,0
DA:82,0
DA:83,0
DA:92,0
DA:93,0
LF:38
LH:1
end_of_record
SF:lib/src/field_validator.dart
DA:8,1
DA:10,1
DA:11,2
DA:14,1
DA:15,4
DA:16,5
DA:17,1
DA:20,1
DA:21,3
LF:9
LH:9
end_of_record
SF:lib/src/form_bloc_test.dart
DA:5,0
DA:15,0
DA:18,0
DA:21,0
DA:23,0
DA:26,0
DA:27,0
DA:28,0
DA:29,0
DA:30,0
LF:10
LH:0
end_of_record
