SF:lib/src/form_field.dart
DA:15,3
DA:20,6
DA:21,3
DA:22,3
DA:23,6
DA:26,1
DA:28,1
DA:29,1
DA:30,1
DA:31,1
DA:33,3
DA:34,2
DA:39,1
DA:40,2
DA:43,1
DA:44,2
DA:48,1
DA:49,3
DA:52,1
DA:53,2
DA:54,2
DA:58,1
DA:59,1
DA:62,1
DA:65,4
DA:66,2
DA:68,1
DA:70,1
DA:71,2
DA:72,1
DA:73,1
DA:74,2
DA:77,2
DA:81,4
DA:83,1
DA:84,3
DA:86,2
DA:92,1
DA:93,1
DA:94,3
DA:95,2
DA:101,2
DA:104,2
DA:107,2
DA:110,3
DA:113,3
DA:115,1
DA:116,6
LF:48
LH:48
end_of_record
SF:lib/src/blocs/form/form_bloc.dart
DA:8,7
DA:18,2
DA:23,1
DA:25,0
DA:26,0
DA:27,0
DA:28,0
DA:29,0
DA:30,0
DA:35,3
DA:38,1
DA:41,1
DA:42,5
DA:43,1
DA:44,3
DA:45,1
DA:46,3
DA:47,1
DA:48,3
DA:49,1
DA:50,3
DA:55,1
DA:60,1
DA:63,1
DA:64,1
DA:65,1
DA:66,1
DA:68,1
DA:69,2
DA:70,6
DA:74,1
DA:75,2
DA:76,1
DA:77,2
DA:80,1
DA:84,1
DA:87,1
DA:91,1
DA:93,3
DA:96,1
DA:97,2
DA:101,2
DA:102,4
DA:104,1
DA:105,2
DA:109,1
DA:113,1
DA:114,4
DA:115,3
DA:116,3
DA:128,3
DA:131,3
DA:136,3
DA:139,1
DA:140,2
DA:143,1
DA:144,1
DA:145,1
DA:150,1
DA:151,1
DA:152,1
DA:157,1
DA:158,7
DA:161,4
DA:162,3
DA:168,1
DA:169,3
DA:170,1
DA:174,1
DA:175,4
DA:182,1
DA:185,1
DA:186,2
DA:188,1
DA:189,1
DA:190,1
DA:191,1
DA:195,1
DA:196,2
DA:199,2
DA:202,3
DA:203,1
DA:204,2
DA:205,2
DA:206,2
DA:211,2
DA:212,1
DA:214,1
DA:215,1
DA:216,1
DA:223,1
DA:226,1
DA:229,4
DA:231,1
DA:232,2
LF:95
LH:89
end_of_record
SF:lib/src/blocs/form/form_state.dart
DA:8,2
DA:12,2
DA:14,2
DA:19,2
DA:20,2
DA:21,2
DA:23,7
DA:27,2
DA:28,6
LF:9
LH:9
end_of_record
SF:lib/src/blocs/form/form_event.dart
DA:4,2
DA:6,1
DA:7,1
DA:18,2
DA:20,1
DA:21,3
DA:27,2
DA:29,1
DA:30,2
DA:37,2
DA:39,1
DA:40,3
LF:12
LH:12
end_of_record
SF:lib/src/form_bloc_listener.dart
DA:23,0
DA:29,0
DA:32,0
DA:33,0
DA:34,0
DA:35,0
DA:36,0
DA:37,0
DA:38,0
LF:9
LH:0
end_of_record
SF:lib/src/form_input.dart
DA:7,4
DA:9,2
DA:10,4
DA:11,4
DA:15,2
DA:16,2
DA:17,2
DA:20,2
DA:21,2
DA:22,2
DA:25,2
DA:26,2
DA:29,4
DA:31,4
DA:33,2
DA:34,6
LF:16
LH:16
end_of_record
SF:lib/src/text_field_bloc_builder.dart
DA:5,6
DA:25,0
DA:35,0
DA:36,0
DA:37,0
DA:39,0
DA:40,0
DA:47,0
DA:49,0
DA:50,0
DA:53,0
DA:55,0
DA:56,0
DA:57,0
DA:58,0
DA:59,0
DA:60,0
DA:61,0
DA:62,0
DA:63,0
DA:64,0
DA:66,0
DA:72,0
DA:73,0
DA:75,0
DA:76,0
DA:77,0
DA:78,0
DA:79,0
DA:80,0
DA:81,0
DA:82,0
DA:83,0
DA:84,0
DA:85,0
DA:86,0
DA:95,0
DA:96,0
LF:38
LH:1
end_of_record
SF:lib/src/field_validator.dart
DA:16,1
DA:18,1
DA:19,2
DA:22,1
DA:23,4
DA:24,5
DA:25,1
DA:28,1
DA:29,3
LF:9
LH:9
end_of_record
SF:lib/src/form_bloc_test.dart
DA:5,0
DA:29,0
DA:30,0
DA:32,0
DA:33,0
DA:34,0
DA:35,0
DA:37,0
DA:38,0
DA:39,0
DA:43,0
DA:45,0
DA:48,0
DA:49,0
DA:50,0
DA:51,0
DA:52,0
LF:17
LH:0
end_of_record
